68160051190625689104B3B3B3B3DC16
68160051190625689104B3B3B3B3DC16
681600511906256891453244B33533333333333333336C5533333333353C33333333333333B94A33B94A33333333333333333C333C33333333464333334643333333333333333333333333333333339A16
68160051190625689104B3B3B3B3DC16
681600511906256891453244B33533333333333333335B5533333333CC3B33333333333333B74A33B74A33333333333333373C373C33333333484333334843333333333333333333333333333333332716
68160051190625689104B3B3B3B3DC16
68160051190625689104B3B3B3B3DC16
681600511906256891453244B3353333333333333333535533333333373C33333333333333B34A33B34A33333333333333373C373C33333333494333334943333333333333333333333333333333338516
68160051190625689104B3B3B3B3DC16
68160051190625689104B3B3B3B3DC16
68160051190625689104B3B3B3B3DC16
681600511906256891453244B33533333333333333335755333333333A3C33333333333333B54A33B54A33333333333333363C363C333333334A4333334A43333333333333333333333333333333339016
68160051190625689104B3B3B3B3DC16
681600511906256891453244B33533333333333333335C5533333333373C33333333333333B44A33B44A33333333333333353C353C333333334C4333334C43333333333333333333333333333333339216
68160051190625689104B3B3B3B3DC16
68160051190625689104B3B3B3B3DC16
681600511906256891453244B3353333333333333333435533333333383C33333333333333B44A33B44A33333333333333393C393C33333333534333335343333333333333333333333333333333339016
68160051190625689104B3B3B3B3DC16
68160051190625689104B3B3B3B3DC16
68160051190625689104B3B3B3B3DC16
681600511906256891453244B3353333333333333333535533333333333C33333333333333B44A33B44A33333333333333373C373C33333333544333335443333333333333333333333333333333339916
68160051190625689104B3B3B3B3DC16
681600511906256891453244B3353333333333333333695533333333CA3B33333333333333B64A33B64A33333333333333363C363C33333333564333335643333333333333333333333333333333334B16
68160051190625689104B3B3B3B3DC16
68160051190625689104B3B3B3B3DC16
681600511906256891453244B3353333333333333333C354333333333C3C33333333333333C94A33C94A33333333333333433C433C33333333574333335743333333333333333333333333333333335916
68160051190625689104B3B3B3B3DC16
68160051190625689104B3B3B3B3DC16
68160051190625689104B3B3B3B3DC16
681600511906256891453244B3353333333333333333465533333333373C33333333333333B64A33B64A333333333333333A3C3A3C3333333358433333584333333333333333333333333333333333A216
68160051190625689104B3B3B3B3DC16
681600511906256891453244B3353333333333333333945533333333C33B33333333333333BA4A33BA4A33333333333333333C333C333333335A4333335A43333333333333333333333333333333337916
68160051190625689104B3B3B3B3DC16
68160051190625689104B3B3B3B3DC16
681600511906256891453244B3353333333333333333C95433333333393C33333333333333B94A33B94A333333333333333C3C3C3C333333335A4333335A43333333333333333333333333333333333416
68160051190625689104B3B3B3B3DC16
68160051190625689104B3B3B3B3DC16
68160051190625689104B3B3B3B3DC16
681600511906256891453244B3353333333333333333895533333333C93B33333333333333B84A33B84A33333333333333343C343C333333335C4333335C43333333333333333333333333333333337616
68160051190625689104B3B3B3B3DC16
681600511906256891453244B3353333333333333333B45433333333463C33333333333333B44A33B44A333333333333333C3C3C3C33333333644333336443333333333333333333333333333333333616
68160051190625689104B3B3B3B3DC16
68160051190625689104B3B3B3B3DC16
681600511906256891453244B3353333333333333333C354333333333A3C33333333333333B94A33B94A33333333333333433C433C33333333644333336443333333333333333333333333333333335116
68160051190625689104B3B3B3B3DC16
68160051190625689104B3B3B3B3DC16
68160051190625689104B3B3B3B3DC16
681600511906256891453244B3353333333333333333775533333333353C33333333333333B54A33B54A33333333333333333C333C3333333366433333664333333333333333333333333333333333DD16
68160051190625689104B3B3B3B3DC16
681600511906256891453244B3353333333333333333A85533333333C43B33333333333333BA4A33BA4A33333333333333CA3BCA3B3333333368433333684333333333333333333333333333333333D616
68160051190625689104B3B3B3B3DC16
68160051190625689104B3B3B3B3DC16
681600511906256891453244B3353333333333333333965533333333C43B33333333333333B64A33B64A33333333333333CB3BCB3B3333333368433333684333333333333333333333333333333333BE16
68160051190625689104B3B3B3B3DC16
68160051190625689104B3B3B3B3DC16
68160051190625689104B3B3B3B3DC16
681600511906256891453244B3353333333333333333945533333333C53B33333333333333B74A33B74A33333333333333CB3BCB3B333333336A4333336A4333333333333333333333333333333333C316
68160051190625689104B3B3B3B3DC16
681600511906256891453244B33533333333333333338A5533333333C43B33333333333333AB4A33AB4A33333333333333333C333C333333336B4333336B43333333333333333333333333333333337416
68160051190625689104B3B3B3B3DC16
68160051190625689104B3B3B3B3DC16
681600511906256891453244B3353333333333333333975533333333BC3B33333333333333B44A33B44A33333333333333333C333C333333336C4333336C43333333333333333333333333333333338D16
68160051190625689104B3B3B3B3DC16
681600511906256891453244B33533333333333333336A5533333333CA3B33333333333333B84A33B84A33333333333333343C343C33333333774333337743333333333333333333333333333333338E16
68160051190625689104B3B3B3B3DC16
681600511906256891453244B3353333333333333333785533333333C53B33333333333333A64A33A64A33333333333333343C343C33333333794333337943333333333333333333333333333333337716
68160051190625689104B3B3B3B3DC16
68160051190625689104B3B3B3B3DC16
681600511906256891453244B33533333333333333337C5533333333C33B33333333333333A74A33A74A33333333333333333C333C33333333794333337943333333333333333333333333333333337916
68160051190625689104B3B3B3B3DC16
68160051190625689104B3B3B3B3DC16
68160051190625689104B3B3B3B3DC16
681600511906256891453244B3353333333333333333C85533333333AB3B33333333333333A74A33A74A33333333333333C83BC83B333333337B4333337B4333333333333333333333333333333333D916
68160051190625689104B3B3B3B3DC16
681600511906256891453244B3353333333333333333B45633333333933B33333333333333B44A33B44A33333333333333B83BB83B3333333383433333834333333333333333333333333333333333B816
68160051190625689104B3B3B3B3DC16
68160051190625689104B3B3B3B3DC16
681600511906256891453244B33533333333333333333857333333338A3B33333333333333B34A33B34A33333333333333B63BB63B33333333834333338343333333333333333333333333333333332E16
68160051190625689104B3B3B3B3DC16
68160051190625689104B3B3B3B3DC16
68160051190625689104B3B3B3B3DC16
681600511906256891453244B3353333333333333333C75633333333933B33333333333333B84A33B84A33333333333333B63BB63B3333333385433333854333333333333333333333333333333333D316
68160051190625689104B3B3B3B3DC16
681600511906256891453244B3353333333333333333B95633333333943B33333333333333B54A33B54A33333333333333B63BB63B3333333387433333874333333333333333333333333333333333C416
68160051190625689104B3B3B3B3DC16
68160051190625689104B3B3B3B3DC16
681600511906256891453244B3353333333333333333B35633333333953B33333333333333B84A33B84A33333333333333B73BB73B3333333387433333874333333333333333333333333333333333C716
68160051190625689104B3B3B3B3DC16
681600511906256891453244B33533333333333333334C5733333333693433333333333333963433963433333333333333AB37AB373333333388433333884333333333333333333333333333333333A016
68160051190625689104B3B3B3B3DC16
68160051190625689104B3B3B3B3DC16
681600511906256891453244B3353333333333333333455733333333673433333333333333873433873433333333333333BA37BA3733333333884333338843333333333333333333333333333333339716
68160051190625689104B3B3B3B3DC16
681600511906256891453244B33533333333333333335657333333334A3433333333333333653433653433333333333333B837B83733333333884333338843333333333333333333333333333333334316
68160051190625689104B3B3B3B3DC16
68160051190625689104B3B3B3B3DC16
681600511906256891453244B33533333333333333333B57333333334C3433333333333333663433663433333333333333B637B63733333333884333338843333333333333333333333333333333332816
68160051190625689104B3B3B3B3DC16
681600511906256891453244B33533333333333333334B57333333337A3433333333333333533533533533333333333333633963393333333388433333884333333333333333333333333333333333A016
68160051190625689104B3B3B3B3DC16
68160051190625689104B3B3B3B3DC16
681600511906256891453244B33533333333333333335657333333334A3433333333333333653433653433333333333333AA37AA3733333333884333338843333333333333333333333333333333332716
68160051190625689104B3B3B3B3DC16
681600511906256891453244B33533333333333333335C5733333333453433333333333333633433633433333333333333C737C73733333333894333338943333333333333333333333333333333336016
68160051190625689104B3B3B3B3DC16
68160051190625689104B3B3B3B3DC16
681600511906256891453244B3353333333333333333535733333333973B33333333333333CA4A33CA4A33333333333333AB3BAB3B33333333894333338943333333333333333333333333333333337A16
68160051190625689104B3B3B3B3DC16
681600511906256891453244B3353333333333333333465733333333994333333333333333775533775533333333333333BB3BBB3B333333338B4333338B43333333333333333333333333333333330B16
68160051190625689104B3B3B3B3DC16
68160051190625689104B3B3B3B3DC16
681600511906256891453244B3353333333333333333455733333333954333333333333333755533755533333333333333BB3BBB3B333333338B4333338B43333333333333333333333333333333330216
68160051190625689104B3B3B3B3DC16
681600511906256891453244B3353333333333333333385733333333A34333333333333333845533845533333333333333BB3BBB3B33333333934333339343333333333333333333333333333333333116
68160051190625689104B3B3B3B3DC16
68160051190625689104B3B3B3B3DC16
681600511906256891453244B3353333333333333333485733333333853B33333333333333B64A33B64A33333333333333B43BB43B3333333346443333464433333333333333333333333333333333C316
68160051190625689104B3B3B3B3DC16
681600511906256891453244B3353333333333333333395733333333853B33333333333333B64A33B64A33333333333333B73BB73B3333333348443333484433333333333333333333333333333333BE16
68160051190625689104B3B3B3B3DC16
68160051190625689104B3B3B3B3DC16
681600511906256891453244B33533333333333333334B5733333333853B33333333333333BC4A33BC4A33333333333333B33BB33B3333333348443333484433333333333333333333333333333333D416
68160051190625689104B3B3B3B3DC16
681600511906256891453244B3353333333333333333CC5633333333873B33333333333333B34A33B34A33333333333333B93BB93B333333334A4433334A44333333333333333333333333333333335416
68160051190625689104B3B3B3B3DC16
68160051190625689104B3B3B3B3DC16
681600511906256891453244B3353333333333333333CA5633333333883B33333333333333B54A33B54A33333333333333B83BB83B333333334A4433334A44333333333333333333333333333333335516
68160051190625689104B3B3B3B3DC16
681600511906256891453244B3353333333333333333C75633333333893B33333333333333B74A33B74A33333333333333B83BB83B333333334C4433334C44333333333333333333333333333333335B16
68160051190625689104B3B3B3B3DC16
68160051190625689104B3B3B3B3DC16
681600511906256891453244B3353333333333333333C85633333333883B33333333333333B34A33B34A33333333333333B93BB93B333333334C4433334C44333333333333333333333333333333335516
68160051190625689104B3B3B3B3DC16
681600511906256891453244B3353333333333333333B75633333333863B33333333333333B34A33B34A33333333333333C33BC33B33333333544433335444333333333333333333333333333333336616
68160051190625689104B3B3B3B3DC16
68160051190625689104B3B3B3B3DC16
681600511906256891453244B3353333333333333333A75633333333893B33333333333333B84A33B84A33333333333333C43BC43B33333333544433335444333333333333333333333333333333336516
68160051190625689104B3B3B3B3DC16
681600511906256891453244B33533333333333333339B5633333333963B33333333333333B34A33B34A33333333333333C43BC43B33333333564433335644333333333333333333333333333333336016
68160051190625689104B3B3B3B3DC16
68160051190625689104B3B3B3B3DC16
681600511906256891453244B3353333333333333333B45633333333943B33333333333333C44A33C44A33333333333333C33BC33B33333333564433335644333333333333333333333333333333339716
68160051190625689104B3B3B3B3DC16
681600511906256891453244B3353333333333333333BB5633333333963B33333333333333C84A33C84A33333333333333B93BB93B33333333584433335844333333333333333333333333333333339816
68160051190625689104B3B3B3B3DC16
68160051190625689104B3B3B3B3DC16
681600511906256891453244B3353333333333333333BC5633333333933B33333333333333C64A33C64A33333333333333B93BB93B33333333584433335844333333333333333333333333333333339216
68160051190625689104B3B3B3B3DC16
681600511906256891453244B3353333333333333333A75633333333963B33333333333333C64A33C64A33333333333333C33BC33B333333335A4433335A44333333333333333333333333333333339816
68160051190625689104B3B3B3B3DC16
68160051190625689104B3B3B3B3DC16
681600511906256891453244B3353333333333333333A75633333333933B33333333333333C54A33C54A33333333333333C33BC33B333333335A4433335A44333333333333333333333333333333339316
68160051190625689104B3B3B3B3DC16
68160051190625689104B3B3B3B3DC16
681600511906256891453244B3353333333333333333BA5633333333933B33333333333333C64A33C64A33333333333333BA3BBA3B333333335C4433335C44333333333333333333333333333333339A16
68160051190625689104B3B3B3B3DC16
68160051190625689104B3B3B3B3DC16
681600511906256891453244B3353333333333333333CB5633333333933B33333333333333C34A33C34A33333333333333B63BB63B3333333363443333634433333333333333333333333333333333AB16
68160051190625689104B3B3B3B3DC16
68160051190625689104B3B3B3B3DC16
681600511906256891453244B3353333333333333333BB56333333338B3B33333333333333B64A33B64A33333333333333B93BB93B33333333644433336444333333333333333333333333333333338116
68160051190625689104B3B3B3B3DC16
68160051190625689104B3B3B3B3DC16
681600511906256891453244B3353333333333333333A75633333333983B33333333333333BC4A33BC4A33333333333333BB3BBB3B33333333664433336644333333333333333333333333333333338E16
68160051190625689104B3B3B3B3DC16
68160051190625689104B3B3B3B3DC16
681600511906256891453244B3353333333333333333965633333333953B33333333333333B84A33B84A33333333333333C43BC43B33333333674433336744333333333333333333333333333333338616
68160051190625689104B3B3B3B3DC16
68160051190625689104B3B3B3B3DC16
681600511906256891453244B3353333333333333333895633333333953B33333333333333A94A33A94A33333333333333C63BC63B33333333684433336844333333333333333333333333333333336116
68160051190625689104B3B3B3B3DC16
68160051190625689104B3B3B3B3DC16
681600511906256891453244B3353333333333333333985633333333973B33333333333333C64A33C64A33333333333333C43BC43B333333336A4433336A4433333333333333333333333333333333AC16
68160051190625689104B3B3B3B3DC16
68160051190625689104B3B3B3B3DC16
681600511906256891453244B3353333333333333333935633333333A83B33333333333333384B33384B33333333333333BC3BBC3B333333336B4433336B44333333333333333333333333333333339016
68160051190625689104B3B3B3B3DC16
68160051190625689104B3B3B3B3DC16
681600511906256891453244B3353333333333333333735633333333B73B333333333333333C4B333C4B33333333333333BC3BBC3B333333336C4433336C44333333333333333333333333333333338916
68160051190625689104B3B3B3B3DC16
68160051190625689104B3B3B3B3DC16
681600511906256891453244B33533333333333333337A5633333333BB3B33333333333333434B33434B33333333333333BC3BBC3B3333333374443333744433333333333333333333333333333333B216
68160051190625689104B3B3B3B3DC16
68160051190625689104B3B3B3B3DC16
681600511906256891453244B3353333333333333333855633333333A53B33333333333333344B33344B33333333333333C43BC43B33333333754433337544333333333333333333333333333333339B16
68160051190625689104B3B3B3B3DC16
68160051190625689104B3B3B3B3DC16
681600511906256891453244B3353333333333333333795633333333A53B33333333333333CA4A33CA4A33333333333333C43BC43B3333333376443333764433333333333333333333333333333333BB16
68160051190625689104B3B3B3B3DC16
68160051190625689104B3B3B3B3DC16
681600511906256891453244B3353333333333333333745633333333A43B33333333333333C44A33C44A33333333333333C53BC53B3333333378443333784433333333333333333333333333333333AF16
68160051190625689104B3B3B3B3DC16
68160051190625689104B3B3B3B3DC16
681600511906256891453244B3353333333333333333835633333333A33B33333333333333BA4A33BA4A33333333333333C43BC43B3333333379443333794433333333333333333333333333333333A916
68160051190625689104B3B3B3B3DC16
68160051190625689104B3B3B3B3DC16
681600511906256891453244B33533333333333333337A56333333339B3B33333333333333CC4A33CC4A33333333333333C53BC53B333333337A4433337A4433333333333333333333333333333333C016
68160051190625689104B3B3B3B3DC16
68160051190625689104B3B3B3B3DC16
681600511906256891453244B3353333333333333333775633333333A43B33333333333333C44A33C44A33333333333333C53BC53B333333337C4433337C4433333333333333333333333333333333BA16
68160051190625689104B3B3B3B3DC16
68160051190625689104B3B3B3B3DC16
681600511906256891453244B33533333333333333336A5633333333A33B33333333333333C34A33C34A33333333333333C53BC53B3333333383443333834433333333333333333333333333333333B816
68160051190625689104B3B3B3B3DC16
68160051190625689104B3B3B3B3DC16
681600511906256891453244B3353333333333333333695633333333A43B33333333333333B74A33B74A33333333333333C53BC53B3333333384443333844433333333333333333333333333333333A216
68160051190625689104B3B3B3B3DC16
68160051190625689104B3B3B3B3DC16
681600511906256891453244B33533333333333333336C5633333333B53B333333333333333A4B333A4B33333333333333BB3BBB3B3333333386443333864433333333333333333333333333333333AE16
68160051190625689104B3B3B3B3DC16
68160051190625689104B3B3B3B3DC16
681600511906256891453244B3353333333333333333695633333333A53B33333333333333BA4A33BA4A33333333333333C43BC43B3333333387443333874433333333333333333333333333333333AD16
68160051190625689104B3B3B3B3DC16
68160051190625689104B3B3B3B3DC16
681600511906256891453244B3353333333333333333765633333333B63B33333333333333334B33334B33333333333333C33BC33B3333333388443333884433333333333333333333333333333333BF16
68160051190625689104B3B3B3B3DC16
68160051190625689104B3B3B3B3DC16
681600511906256891453244B3353333333333333333895633333333AA3B33333333333333374B33374B33333333333333BC3BBC3B3333333389443333894433333333333333333333333333333333C216
68160051190625689104B3B3B3B3DC16
68160051190625689104B3B3B3B3DC16
681600511906256891453244B3353333333333333333655633333333A73B33333333333333C34A33C34A33333333333333C53BC53B333333338B4433338B4433333333333333333333333333333333C716
68160051190625689104B3B3B3B3DC16
68160051190625689104B3B3B3B3DC16
681600511906256891453244B33533333333333333336C5633333333B53B33333333333333344B33344B33333333333333BC3BBC3B333333338C4433338C4433333333333333333333333333333333B016
68160051190625689104B3B3B3B3DC16
68160051190625689104B3B3B3B3DC16
681600511906256891453244B33533333333333333337C5633333333B33B333333333333333C4B333C4B33333333333333BC3BBC3B3333333393443333934433333333333333333333333333333333DC16
68160051190625689104B3B3B3B3DC16
68160051190625689104B3B3B3B3DC16
681600511906256891453244B3353333333333333333855633333333B93B33333333333333444B33444B33333333333333BA3BBA3B3333333395443333954433333333333333333333333333333333FB16
68160051190625689104B3B3B3B3DC16
68160051190625689104B3B3B3B3DC16
681600511906256891453244B3353333333333333333965633333333A33B33333333333333BC4A33BC4A33333333333333B83BB83B3333333396443333964433333333333333333333333333333333E216
68160051190625689104B3B3B3B3DC16
68160051190625689104B3B3B3B3DC16
681600511906256891453244B3353333333333333333A75633333333A93B33333333333333C94A33C94A33333333333333B53BB53B33333333974433339744333333333333333333333333333333330F16
68160051190625689104B3B3B3B3DC16
68160051190625689104B3B3B3B3DC16
681600511906256891453244B3353333333333333333B55633333333AC3B333333333333334C4B334C4B33333333333333AC3BAC3B33333333994433339944333333333333333333333333333333331A16
68160051190625689104B3B3B3B3DC16
68160051190625689104B3B3B3B3DC16
681600511906256891453244B3353333333333333333B35633333333A43B33333333333333CA4A33CA4A33333333333333B43BB43B333333339A4433339A44333333333333333333333333333333331C16
68160051190625689104B3B3B3B3DC16
68160051190625689104B3B3B3B3DC16
681600511906256891453244B3353333333333333333AA5633333333A63B33333333333333394B33394B33333333333333B43BB43B333333339B4433339B4433333333333333333333333333333333F716
68160051190625689104B3B3B3B3DC16
