2025-12-21 14:12:33,049 INFO meter_control Active send_via_db line 201: smart_meter.utils.db_send.send_via_db
2025-12-21 14:16:23,679 INFO meter_control Active send_via_db line 201: smart_meter.utils.db_send.send_via_db
2025-12-21 14:17:39,267 INFO meter_control Active send_via_db line 201: smart_meter.utils.db_send.send_via_db
2025-12-21 14:22:11,605 INFO meter_control Active send_via_db line 201: smart_meter.utils.db_send.send_via_db
2025-12-21 14:25:35,578 INFO meter_control Active send_via_db line 201: smart_meter.utils.db_send.send_via_db
2025-12-21 14:25:47,335 INFO meter_control Active send_via_db line 201: smart_meter.utils.db_send.send_via_db
2025-12-21 14:25:51,241 INFO meter_control Active send_via_db line 201: smart_meter.utils.db_send.send_via_db
2025-12-21 14:25:59,966 INFO meter_control Active send_via_db line 201: smart_meter.utils.db_send.send_via_db
2025-12-21 14:27:04,927 INFO meter_control Active send_via_db line 201: smart_meter.utils.db_send.send_via_db
2025-12-21 14:41:07,588 INFO meter_control Active send_via_db line 201: smart_meter.utils.db_send.send_via_db
2025-12-21 14:41:29,346 INFO meter_control Active send_via_db line 201: smart_meter.utils.db_send.send_via_db
2025-12-21 14:41:57,161 INFO meter_control Active send_via_db line 201: smart_meter.utils.db_send.send_via_db
2025-12-21 14:42:17,523 INFO meter_control Active send_via_db line 201: smart_meter.utils.db_send.send_via_db
2025-12-21 14:43:30,610 INFO meter_control Active send_via_db line 201: smart_meter.utils.db_send.send_via_db
2025-12-31 20:11:05,918 INFO meter_control REQUEST from RESTORE_METER user=admin path=/smart-meter/action/restore/99/ meter=250619510005 cmd=ON(0x1C) frame=FEFEFEFE68050051190625681C1035333333333333334F348C8C566445CC9616
2025-12-31 20:11:05,923 INFO meter_control -------------------------------------
2025-12-31 20:11:06,133 INFO meter_control RESPONSE meter=250619510005 cmd=ON ok=True error= payload=None
2026-01-13 10:56:50,794 INFO meter_control Active send_via_db line 201: smart_meter.utils.db_send.send_via_db
2026-01-25 09:49:05,322 INFO meter_control REQUEST TX CUT-OFF from cutoff_meter user=admin path=/smart-meter/action/cutoff/81/ meter=250619510003 cmd=OFF(0x1A) frame=FEFEFEFE68030051190625681C1035333333333333334D348C8C566445CC9216 disable_cutoffs=False sender=smart_meter.utils.db_send.send_via_db
2026-01-25 09:49:05,345 INFO meter_control -------------------------------------
2026-01-25 09:49:05,555 INFO meter_control RESPONSE RX CUT-OFF meter=250619510003 cmd=OFF ok=True error= payload=None
2026-01-25 09:49:10,893 INFO meter_control POST-CUTOFF VERIFY meter=250619510003 I=0.379A P=0.088W ts=2026-01-25 04:46:30.128150+00:00
2026-01-25 16:52:38,789 INFO meter_control REQUEST from RESTORE_METER user=admin path=/smart-meter/action/restore/81/ meter=250619510003 cmd=ON(0x1C) frame=FEFEFEFE68030051190625681C1035333333333333334F348C8C566445CC9416
2026-01-25 16:52:38,791 INFO meter_control -------------------------------------
2026-01-25 16:52:39,002 INFO meter_control RESPONSE meter=250619510003 cmd=ON ok=True error= payload=None
2026-01-25 18:55:08,603 INFO meter_control REQUEST TX CUT-OFF from cutoff_meter user=admin path=/smart-meter/action/cutoff/81/ meter=250619510003 cmd=OFF(0x1A) frame=FEFEFEFE68030051190625681C1035333333333333334D348C8C566445CC9216 disable_cutoffs=False sender=smart_meter.utils.db_send.send_via_db
2026-01-25 18:55:08,613 INFO meter_control -------------------------------------
2026-01-25 18:55:09,024 INFO meter_control RESPONSE RX CUT-OFF meter=250619510003 cmd=OFF ok=True error= payload=None
2026-01-25 18:55:14,342 INFO meter_control POST-CUTOFF VERIFY meter=250619510003 I=0.000A P=0.000W ts=2026-01-25 13:52:22.267154+00:00
2026-01-25 18:55:26,142 INFO meter_control REQUEST from RESTORE_METER user=admin path=/smart-meter/action/restore/81/ meter=250619510003 cmd=ON(0x1C) frame=FEFEFEFE68030051190625681C1035333333333333334F348C8C566445CC9416
2026-01-25 18:55:26,142 INFO meter_control -------------------------------------
2026-01-25 18:55:26,355 INFO meter_control RESPONSE meter=250619510003 cmd=ON ok=True error= payload=None
2026-01-25 18:55:42,847 INFO meter_control REQUEST TX CUT-OFF from cutoff_meter user=admin path=/smart-meter/action/cutoff/98/ meter=250619510001 cmd=OFF(0x1A) frame=FEFEFEFE68010051190625681C1035333333333333334D348C8C566445CC9016 disable_cutoffs=False sender=smart_meter.utils.db_send.send_via_db
2026-01-25 18:55:42,854 INFO meter_control -------------------------------------
2026-01-25 18:55:43,063 INFO meter_control RESPONSE RX CUT-OFF meter=250619510001 cmd=OFF ok=True error= payload=None
2026-01-25 18:55:48,375 INFO meter_control POST-CUTOFF VERIFY meter=250619510001 I=0.000A P=0.000W ts=2026-01-25 13:54:03.330299+00:00
2026-02-04 03:49:31,612 INFO meter_control Active send_via_db line 201: smart_meter.utils.db_send.send_via_db
2026-02-04 04:08:28,599 INFO meter_control Active send_via_db line 201: smart_meter.utils.db_send.send_via_db
2026-02-04 04:13:22,386 INFO meter_control Active send_via_db line 201: smart_meter.utils.db_send.send_via_db
2026-02-04 04:16:32,815 INFO meter_control Active send_via_db line 201: smart_meter.utils.db_send.send_via_db
2026-02-04 04:16:46,144 INFO meter_control Active send_via_db line 201: smart_meter.utils.db_send.send_via_db
2026-02-04 04:17:17,448 INFO meter_control Active send_via_db line 201: smart_meter.utils.db_send.send_via_db
2026-02-04 04:21:48,015 INFO meter_control Active send_via_db line 201: smart_meter.utils.db_send.send_via_db
2026-02-04 04:28:40,442 INFO meter_control Active send_via_db line 201: smart_meter.utils.db_send.send_via_db
2026-02-04 04:36:06,094 INFO meter_control Active send_via_db line 201: smart_meter.utils.db_send.send_via_db
2026-02-06 01:28:07,103 INFO meter_control Active send_via_db line 201: smart_meter.utils.db_send.send_via_db
2026-02-06 02:06:12,749 INFO meter_control Active send_via_db line 201: smart_meter.utils.db_send.send_via_db
2026-02-06 02:09:23,058 INFO meter_control Active send_via_db line 201: smart_meter.utils.db_send.send_via_db
2026-02-06 02:10:01,173 INFO meter_control Active send_via_db line 201: smart_meter.utils.db_send.send_via_db
2026-02-06 02:10:17,371 INFO meter_control Active send_via_db line 201: smart_meter.utils.db_send.send_via_db
2026-02-06 02:54:54,400 INFO meter_control Active send_via_db line 201: smart_meter.utils.db_send.send_via_db
2026-02-06 02:59:21,338 INFO meter_control Active send_via_db line 201: smart_meter.utils.db_send.send_via_db
2026-02-06 02:59:59,502 INFO meter_control Active send_via_db line 201: smart_meter.utils.db_send.send_via_db
2026-02-06 03:45:25,887 INFO meter_control Active send_via_db line 201: smart_meter.utils.db_send.send_via_db
2026-02-06 03:49:34,670 INFO meter_control Active send_via_db line 201: smart_meter.utils.db_send.send_via_db
2026-02-06 03:51:41,606 INFO meter_control Active send_via_db line 201: smart_meter.utils.db_send.send_via_db
2026-02-06 04:03:34,214 INFO meter_control Active send_via_db line 201: smart_meter.utils.db_send.send_via_db
2026-02-06 04:07:19,315 INFO meter_control Active send_via_db line 201: smart_meter.utils.db_send.send_via_db
2026-02-06 04:14:58,414 INFO meter_control Active send_via_db line 201: smart_meter.utils.db_send.send_via_db
2026-02-06 04:16:44,788 INFO meter_control Active send_via_db line 201: smart_meter.utils.db_send.send_via_db
2026-02-06 04:20:55,609 INFO meter_control Active send_via_db line 201: smart_meter.utils.db_send.send_via_db
2026-02-06 04:24:11,022 INFO meter_control Active send_via_db line 201: smart_meter.utils.db_send.send_via_db
2026-02-06 04:26:54,741 INFO meter_control Active send_via_db line 201: smart_meter.utils.db_send.send_via_db
2026-02-06 04:27:45,472 INFO meter_control Active send_via_db line 201: smart_meter.utils.db_send.send_via_db
2026-02-06 04:29:02,841 INFO meter_control Active send_via_db line 201: smart_meter.utils.db_send.send_via_db
2026-02-06 04:32:02,870 INFO meter_control Active send_via_db line 201: smart_meter.utils.db_send.send_via_db
2026-02-06 04:32:13,976 INFO meter_control Active send_via_db line 201: smart_meter.utils.db_send.send_via_db
2026-02-06 04:33:04,256 INFO meter_control Active send_via_db line 201: smart_meter.utils.db_send.send_via_db
2026-02-06 04:35:47,261 INFO meter_control Active send_via_db line 201: smart_meter.utils.db_send.send_via_db
2026-02-06 04:36:49,044 INFO meter_control Active send_via_db line 201: smart_meter.utils.db_send.send_via_db
2026-02-06 04:40:32,480 INFO meter_control Active send_via_db line 201: smart_meter.utils.db_send.send_via_db
2026-02-06 04:41:13,816 INFO meter_control Active send_via_db line 201: smart_meter.utils.db_send.send_via_db
2026-02-06 04:43:19,874 INFO meter_control Active send_via_db line 201: smart_meter.utils.db_send.send_via_db
2026-02-06 04:45:07,703 INFO meter_control Active send_via_db line 201: smart_meter.utils.db_send.send_via_db
2026-02-06 10:02:40,736 INFO meter_control Active send_via_db line 201: smart_meter.utils.db_send.send_via_db
2026-02-07 11:04:50,317 INFO meter_control Active send_via_db line 201: smart_meter.utils.db_send.send_via_db
2026-02-07 11:59:50,836 INFO meter_control Active send_via_db line 201: smart_meter.utils.db_send.send_via_db
2026-02-07 12:02:10,237 INFO meter_control Active send_via_db line 201: smart_meter.utils.db_send.send_via_db
2026-02-07 13:13:36,148 INFO meter_control Active send_via_db line 201: smart_meter.utils.db_send.send_via_db
2026-02-07 13:32:43,659 INFO meter_control Active send_via_db line 201: smart_meter.utils.db_send.send_via_db
2026-02-07 13:35:09,566 INFO meter_control Active send_via_db line 201: smart_meter.utils.db_send.send_via_db
2026-02-07 13:41:40,553 INFO meter_control Active send_via_db line 201: smart_meter.utils.db_send.send_via_db
2026-02-08 14:56:51,477 INFO meter_control Active send_via_db line 201: smart_meter.utils.db_send.send_via_db
2026-02-08 14:58:07,241 INFO meter_control REQUEST TX CUT-OFF from cutoff_meter user=admin path=/smart-meter/action/cutoff/99/ meter=250619510005 cmd=OFF(0x1A) frame=FEFEFEFE68050051190625681C1035333333333333334D348C8C566445CC9416 disable_cutoffs=False sender=smart_meter.utils.db_send.send_via_db
2026-02-08 14:58:07,257 INFO meter_control -------------------------------------
2026-02-08 14:58:07,482 INFO meter_control RESPONSE RX CUT-OFF meter=250619510005 cmd=OFF ok=True error= payload=None
2026-02-08 14:58:12,932 INFO meter_control POST-CUTOFF VERIFY meter=250619510005 I=0.364A P=0.079W ts=2026-02-08 09:55:16.208508+00:00
2026-02-08 15:00:56,122 INFO meter_control REQUEST TX CUT-OFF from cutoff_meter user=admin path=/smart-meter/action/cutoff/3/ meter=241203510008 cmd=OFF(0x1A) frame=FEFEFEFE68080051031224681C1035333333333333334D348C8C566445CC8C16 disable_cutoffs=False sender=smart_meter.utils.db_send.send_via_db
2026-02-08 15:00:56,133 INFO meter_control -------------------------------------
2026-02-08 15:00:56,353 INFO meter_control RESPONSE RX CUT-OFF meter=241203510008 cmd=OFF ok=True error= payload=None
2026-02-08 15:01:01,672 INFO meter_control POST-CUTOFF VERIFY meter=241203510008 I=0.486A P=0.123W ts=2026-02-08 09:59:44.425352+00:00
2026-02-08 15:02:03,018 INFO meter_control REQUEST from RESTORE_METER user=admin path=/smart-meter/action/restore/3/ meter=241203510008 cmd=ON(0x1C) frame=FEFEFEFE68080051031224681C1035333333333333334F348C8C566445CC8E16
2026-02-08 15:02:03,018 INFO meter_control -------------------------------------
2026-02-08 15:02:03,230 INFO meter_control RESPONSE meter=241203510008 cmd=ON ok=True error= payload=None
2026-02-08 15:02:08,703 INFO meter_control REQUEST TX CUT-OFF from cutoff_meter user=admin path=/smart-meter/action/cutoff/81/ meter=250619510003 cmd=OFF(0x1A) frame=FEFEFEFE68030051190625681C1035333333333333334D348C8C566445CC9216 disable_cutoffs=False sender=smart_meter.utils.db_send.send_via_db
2026-02-08 15:02:08,718 INFO meter_control -------------------------------------
2026-02-08 15:02:08,939 INFO meter_control RESPONSE RX CUT-OFF meter=250619510003 cmd=OFF ok=True error= payload=None
2026-02-08 15:02:14,252 INFO meter_control POST-CUTOFF VERIFY meter=250619510003 I=0.000A P=0.000W ts=2026-02-08 10:00:55.496124+00:00
2026-02-08 16:21:06,982 INFO meter_control REQUEST from RESTORE_METER user=admin path=/smart-meter/action/restore/81/ meter=250619510003 cmd=ON(0x1C) frame=FEFEFEFE68030051190625681C1035333333333333334F348C8C566445CC9416
2026-02-08 16:21:06,985 INFO meter_control -------------------------------------
2026-02-08 16:21:07,205 INFO meter_control RESPONSE meter=250619510003 cmd=ON ok=True error= payload=None
2026-02-09 14:51:19,434 INFO meter_control Active send_via_db line 201: smart_meter.utils.db_send.send_via_db
2026-02-09 14:54:24,681 INFO meter_control Active send_via_db line 201: smart_meter.utils.db_send.send_via_db
2026-02-09 14:54:55,477 INFO meter_control Active send_via_db line 201: smart_meter.utils.db_send.send_via_db
2026-02-09 14:54:59,087 INFO meter_control Active send_via_db line 201: smart_meter.utils.db_send.send_via_db
